<?xml version="1.0" encoding="UTF-8"?>
<!-- Generated by org.testng.reporters.JUnitReportReporter -->
<testsuite skipped="0" hostname="LAPTOP-UMKGSRG3" name="testCases.TC_003_LoginDataDrivenTest" tests="4" failures="0" timestamp="2023-08-23T17:11:11 IST" time="34.581" errors="0">
  <testcase name="Test_loginDDT" time="10.890" classname="testCases.TC_003_LoginDataDrivenTest"/>
  <system-out/>
  <testcase name="Test_loginDDT" time="11.037" classname="testCases.TC_003_LoginDataDrivenTest"/>
  <system-out/>
  <testcase name="Test_loginDDT" time="10.972" classname="testCases.TC_003_LoginDataDrivenTest"/>
  <system-out/>
  <testcase name="Test_loginDDT" time="1.682" classname="testCases.TC_003_LoginDataDrivenTest"/>
  <system-out/>
</testsuite> <!-- testCases.TC_003_LoginDataDrivenTest -->
