<?xml version="1.0" encoding="UTF-8"?>
<!-- Generated by org.testng.reporters.JUnitReportReporter -->
<testsuite skipped="0" hostname="LAPTOP-UMKGSRG3" name="testCases.TC_002_LoginTest" tests="1" failures="0" timestamp="2023-08-27T14:04:38 IST" time="0.708" errors="0">
  <testcase name="test_Login_Page" time="0.708" classname="testCases.TC_002_LoginTest"/>
  <system-out/>
</testsuite> <!-- testCases.TC_002_LoginTest -->
