<?xml version="1.0" encoding="UTF-8"?>
<!-- Generated by org.testng.reporters.JUnitReportReporter -->
<testsuite skipped="0" hostname="LAPTOP-UMKGSRG3" name="testCases.TC_001_AccountRegistrationTest" tests="1" failures="0" timestamp="2023-08-27T14:39:19 IST" time="3.115" errors="0">
  <testcase name="test_account_Registration" time="3.115" classname="testCases.TC_001_AccountRegistrationTest"/>
  <system-out/>
</testsuite> <!-- testCases.TC_001_AccountRegistrationTest -->
